<?xml version="1.0" encoding="UTF-8"?>
<robot generator="Robot 5.0 (Python 3.10.2 on win32)" generated="20220503 20:51:16.815" rpa="false" schemaversion="3">
<suite id="s1" name="Ui Tests" source="C:\Users\Gena\Desktop\Test_task\automated_tests\ui_tests_robot_framework\ui_tests.robot">
<test id="s1-t1" name="Register new normal user" line="10">
<kw name="Open index page" library="resources">
<kw name="Open Browser" library="SeleniumLibrary">
<arg>${INDEX_URL}</arg>
<arg>${BROWSER}</arg>
<doc>Opens a new browser instance to the optional ``url``.</doc>
<msg timestamp="20220503 20:51:17.107" level="INFO">Opening browser 'chrome' to base url 'http://127.0.0.1:8080/'.</msg>
<status status="PASS" starttime="20220503 20:51:17.106" endtime="20220503 20:51:18.432"/>
</kw>
<kw name="Wait Until Page Contains" library="SeleniumLibrary">
<arg>index page</arg>
<doc>Waits until ``text`` appears on the current page.</doc>
<status status="PASS" starttime="20220503 20:51:18.432" endtime="20220503 20:51:18.452"/>
</kw>
<status status="PASS" starttime="20220503 20:51:17.106" endtime="20220503 20:51:18.452"/>
</kw>
<kw name="Maximize Browser Window" library="SeleniumLibrary">
<doc>Maximizes current browser window.</doc>
<status status="PASS" starttime="20220503 20:51:18.452" endtime="20220503 20:51:18.583"/>
</kw>
<kw name="Check basic unauthorized links" library="resources">
<kw name="Page Should Contain Link" library="SeleniumLibrary">
<arg>${LOGIN_LINK}</arg>
<doc>Verifies link identified by ``locator`` is found from current page.</doc>
<msg timestamp="20220503 20:51:18.605" level="INFO">Current page contains link '/login'.</msg>
<status status="PASS" starttime="20220503 20:51:18.584" endtime="20220503 20:51:18.605"/>
</kw>
<kw name="Page Should Contain Link" library="SeleniumLibrary">
<arg>${REGISTER_LINK}</arg>
<doc>Verifies link identified by ``locator`` is found from current page.</doc>
<msg timestamp="20220503 20:51:18.625" level="INFO">Current page contains link '/register'.</msg>
<status status="PASS" starttime="20220503 20:51:18.606" endtime="20220503 20:51:18.626"/>
</kw>
<kw name="Page Should Contain Link" library="SeleniumLibrary">
<arg>${HOME_LINK}</arg>
<doc>Verifies link identified by ``locator`` is found from current page.</doc>
<msg timestamp="20220503 20:51:18.645" level="INFO">Current page contains link '/'.</msg>
<status status="PASS" starttime="20220503 20:51:18.626" endtime="20220503 20:51:18.645"/>
</kw>
<status status="PASS" starttime="20220503 20:51:18.584" endtime="20220503 20:51:18.645"/>
</kw>
<kw name="Open register page by ui click" library="register_page_recources">
<kw name="Click Link" library="SeleniumLibrary">
<arg>${REGISTER_LINK}</arg>
<doc>Clicks a link identified by ``locator``.</doc>
<msg timestamp="20220503 20:51:18.646" level="INFO">Clicking link '/register'.</msg>
<status status="PASS" starttime="20220503 20:51:18.646" endtime="20220503 20:51:18.775"/>
</kw>
<kw name="Wait Until Page Contains Element" library="SeleniumLibrary">
<arg>${REGISTER_BUTTON}</arg>
<doc>Waits until the element ``locator`` appears on the current page.</doc>
<status status="PASS" starttime="20220503 20:51:18.775" endtime="20220503 20:51:18.791"/>
</kw>
<status status="PASS" starttime="20220503 20:51:18.646" endtime="20220503 20:51:18.791"/>
</kw>
<kw name="Check basic unauthorized links" library="resources">
<kw name="Page Should Contain Link" library="SeleniumLibrary">
<arg>${LOGIN_LINK}</arg>
<doc>Verifies link identified by ``locator`` is found from current page.</doc>
<msg timestamp="20220503 20:51:18.805" level="INFO">Current page contains link '/login'.</msg>
<status status="PASS" starttime="20220503 20:51:18.792" endtime="20220503 20:51:18.805"/>
</kw>
<kw name="Page Should Contain Link" library="SeleniumLibrary">
<arg>${REGISTER_LINK}</arg>
<doc>Verifies link identified by ``locator`` is found from current page.</doc>
<msg timestamp="20220503 20:51:18.819" level="INFO">Current page contains link '/register'.</msg>
<status status="PASS" starttime="20220503 20:51:18.805" endtime="20220503 20:51:18.819"/>
</kw>
<kw name="Page Should Contain Link" library="SeleniumLibrary">
<arg>${HOME_LINK}</arg>
<doc>Verifies link identified by ``locator`` is found from current page.</doc>
<msg timestamp="20220503 20:51:18.833" level="INFO">Current page contains link '/'.</msg>
<status status="PASS" starttime="20220503 20:51:18.819" endtime="20220503 20:51:18.833"/>
</kw>
<status status="PASS" starttime="20220503 20:51:18.791" endtime="20220503 20:51:18.833"/>
</kw>
<kw name="Create random user" library="register_page_recources">
<kw name="Generate Random String" library="String">
<var>${RANDOM_USERNAME}</var>
<arg>10</arg>
<arg>[Letters]</arg>
<doc>Generates a string with a desired ``length`` from the given ``chars``.</doc>
<msg timestamp="20220503 20:51:18.834" level="INFO">${RANDOM_USERNAME} = ]ttttr[Lte</msg>
<status status="PASS" starttime="20220503 20:51:18.834" endtime="20220503 20:51:18.834"/>
</kw>
<kw name="Generate Random String" library="String">
<var>${RANDOM_PASSWORD}</var>
<arg>10</arg>
<arg>[Letters]</arg>
<doc>Generates a string with a desired ``length`` from the given ``chars``.</doc>
<msg timestamp="20220503 20:51:18.834" level="INFO">${RANDOM_PASSWORD} = tre[ss]sL]</msg>
<status status="PASS" starttime="20220503 20:51:18.834" endtime="20220503 20:51:18.834"/>
</kw>
<kw name="Generate Random String" library="String">
<var>${RANDOM_FIRSTNAME}</var>
<arg>10</arg>
<arg>[Letters]</arg>
<doc>Generates a string with a desired ``length`` from the given ``chars``.</doc>
<msg timestamp="20220503 20:51:18.835" level="INFO">${RANDOM_FIRSTNAME} = es]etLtttt</msg>
<status status="PASS" starttime="20220503 20:51:18.835" endtime="20220503 20:51:18.835"/>
</kw>
<kw name="Generate Random String" library="String">
<var>${RANDOM_LASTNAME}</var>
<arg>10</arg>
<arg>[Letters]</arg>
<doc>Generates a string with a desired ``length`` from the given ``chars``.</doc>
<msg timestamp="20220503 20:51:18.835" level="INFO">${RANDOM_LASTNAME} = ]tsstettrs</msg>
<status status="PASS" starttime="20220503 20:51:18.835" endtime="20220503 20:51:18.835"/>
</kw>
<kw name="Generate Random String" library="String">
<var>${RANDOM_PHONE}</var>
<arg>10</arg>
<arg>[Numbers]</arg>
<doc>Generates a string with a desired ``length`` from the given ``chars``.</doc>
<msg timestamp="20220503 20:51:18.836" level="INFO">${RANDOM_PHONE} = eur[r[mb][</msg>
<status status="PASS" starttime="20220503 20:51:18.835" endtime="20220503 20:51:18.836"/>
</kw>
<kw name="Set Suite Variable" library="BuiltIn">
<arg>${RANDOM_USERNAME}</arg>
<doc>Makes a variable available everywhere within the scope of the current suite.</doc>
<msg timestamp="20220503 20:51:18.836" level="INFO">${RANDOM_USERNAME} = ]ttttr[Lte</msg>
<status status="PASS" starttime="20220503 20:51:18.836" endtime="20220503 20:51:18.836"/>
</kw>
<kw name="Set Suite Variable" library="BuiltIn">
<arg>${RANDOM_PASSWORD}</arg>
<doc>Makes a variable available everywhere within the scope of the current suite.</doc>
<msg timestamp="20220503 20:51:18.837" level="INFO">${RANDOM_PASSWORD} = tre[ss]sL]</msg>
<status status="PASS" starttime="20220503 20:51:18.836" endtime="20220503 20:51:18.837"/>
</kw>
<kw name="Set Suite Variable" library="BuiltIn">
<arg>${RANDOM_FIRSTNAME}</arg>
<doc>Makes a variable available everywhere within the scope of the current suite.</doc>
<msg timestamp="20220503 20:51:18.837" level="INFO">${RANDOM_FIRSTNAME} = es]etLtttt</msg>
<status status="PASS" starttime="20220503 20:51:18.837" endtime="20220503 20:51:18.837"/>
</kw>
<kw name="Set Suite Variable" library="BuiltIn">
<arg>${RANDOM_LASTNAME}</arg>
<doc>Makes a variable available everywhere within the scope of the current suite.</doc>
<msg timestamp="20220503 20:51:18.838" level="INFO">${RANDOM_LASTNAME} = ]tsstettrs</msg>
<status status="PASS" starttime="20220503 20:51:18.837" endtime="20220503 20:51:18.838"/>
</kw>
<kw name="Set Suite Variable" library="BuiltIn">
<arg>${RANDOM_PHONE}</arg>
<doc>Makes a variable available everywhere within the scope of the current suite.</doc>
<msg timestamp="20220503 20:51:18.838" level="INFO">${RANDOM_PHONE} = eur[r[mb][</msg>
<status status="PASS" starttime="20220503 20:51:18.838" endtime="20220503 20:51:18.838"/>
</kw>
<status status="PASS" starttime="20220503 20:51:18.833" endtime="20220503 20:51:18.838"/>
</kw>
<kw name="Write username" library="register_page_recources">
<arg>${RANDOM_USERNAME}</arg>
<kw name="Input Text" library="SeleniumLibrary">
<arg>${USERNAME_INPUT}</arg>
<arg>${username}</arg>
<doc>Types the given ``text`` into the text field identified by ``locator``.</doc>
<msg timestamp="20220503 20:51:18.839" level="INFO">Typing text ']ttttr[Lte' into text field 'id:username'.</msg>
<status status="PASS" starttime="20220503 20:51:18.839" endtime="20220503 20:51:18.964"/>
</kw>
<status status="PASS" starttime="20220503 20:51:18.838" endtime="20220503 20:51:18.964"/>
</kw>
<kw name="Write password" library="register_page_recources">
<arg>${RANDOM_PASSWORD}</arg>
<kw name="Input Password" library="SeleniumLibrary">
<arg>${PASSWORD_INPUT}</arg>
<arg>${password}</arg>
<doc>Types the given password into the text field identified by ``locator``.</doc>
<msg timestamp="20220503 20:51:18.964" level="INFO">Typing password into text field 'id:password'.</msg>
<msg timestamp="20220503 20:51:19.013" level="INFO">Temporally setting log level to: NONE</msg>
<msg timestamp="20220503 20:51:19.073" level="INFO">Log level changed from NONE to INFO.</msg>
<status status="PASS" starttime="20220503 20:51:18.964" endtime="20220503 20:51:19.073"/>
</kw>
<status status="PASS" starttime="20220503 20:51:18.964" endtime="20220503 20:51:19.073"/>
</kw>
<kw name="Write first name" library="register_page_recources">
<arg>${RANDOM_FIRSTNAME}</arg>
<kw name="Input Text" library="SeleniumLibrary">
<arg>${FIRSTNAME_INPUT}</arg>
<arg>${firstname}</arg>
<doc>Types the given ``text`` into the text field identified by ``locator``.</doc>
<msg timestamp="20220503 20:51:19.074" level="INFO">Typing text 'es]etLtttt' into text field 'id:firstname'.</msg>
<status status="PASS" starttime="20220503 20:51:19.074" endtime="20220503 20:51:19.183"/>
</kw>
<status status="PASS" starttime="20220503 20:51:19.073" endtime="20220503 20:51:19.183"/>
</kw>
<kw name="Write last name" library="register_page_recources">
<arg>${RANDOM_LASTNAME}</arg>
<kw name="Input Text" library="SeleniumLibrary">
<arg>${LASTNAME_INPUT}</arg>
<arg>${lastname}</arg>
<doc>Types the given ``text`` into the text field identified by ``locator``.</doc>
<msg timestamp="20220503 20:51:19.184" level="INFO">Typing text ']tsstettrs' into text field 'id:lastname'.</msg>
<status status="PASS" starttime="20220503 20:51:19.184" endtime="20220503 20:51:19.309"/>
</kw>
<status status="PASS" starttime="20220503 20:51:19.183" endtime="20220503 20:51:19.309"/>
</kw>
<kw name="Write phone" library="register_page_recources">
<arg>${RANDOM_PHONE}</arg>
<kw name="Input Text" library="SeleniumLibrary">
<arg>${PHONE_INPUT}</arg>
<arg>${phone}</arg>
<doc>Types the given ``text`` into the text field identified by ``locator``.</doc>
<msg timestamp="20220503 20:51:19.311" level="INFO">Typing text 'eur[r[mb][' into text field 'id:phone'.</msg>
<status status="PASS" starttime="20220503 20:51:19.310" endtime="20220503 20:51:19.454"/>
</kw>
<status status="PASS" starttime="20220503 20:51:19.310" endtime="20220503 20:51:19.454"/>
</kw>
<kw name="Click register button" library="register_page_recources">
<kw name="Click Button" library="SeleniumLibrary">
<arg>${REGISTER_BUTTON}</arg>
<doc>Clicks the button identified by ``locator``.</doc>
<msg timestamp="20220503 20:51:19.455" level="INFO">Clicking button 'xpath://input[@value='Register']'.</msg>
<status status="PASS" starttime="20220503 20:51:19.455" endtime="20220503 20:51:19.671"/>
</kw>
<status status="PASS" starttime="20220503 20:51:19.454" endtime="20220503 20:51:19.672"/>
</kw>
<kw name="Location Should Be" library="SeleniumLibrary">
<arg>${LOGIN_URL}</arg>
<doc>Verifies that the current URL is exactly ``url``.</doc>
<msg timestamp="20220503 20:51:19.686" level="INFO">Current location is 'http://127.0.0.1:8080/login'.</msg>
<status status="PASS" starttime="20220503 20:51:19.672" endtime="20220503 20:51:19.686"/>
</kw>
<kw name="Close Browser" library="SeleniumLibrary">
<doc>Closes the current browser.</doc>
<status status="PASS" starttime="20220503 20:51:19.687" endtime="20220503 20:51:21.828"/>
</kw>
<doc>Test of success of transition from main to register pages and normal user creating</doc>
<status status="PASS" starttime="20220503 20:51:17.105" endtime="20220503 20:51:21.829"/>
</test>
<test id="s1-t2" name="Login, checking info and logging out for existing user" line="27">
<kw name="Open login page" library="resources">
<kw name="Open Browser" library="SeleniumLibrary">
<arg>${LOGIN_URL}</arg>
<arg>${BROWSER}</arg>
<doc>Opens a new browser instance to the optional ``url``.</doc>
<msg timestamp="20220503 20:51:21.832" level="INFO">Opening browser 'chrome' to base url 'http://127.0.0.1:8080/login'.</msg>
<status status="PASS" starttime="20220503 20:51:21.832" endtime="20220503 20:51:23.122"/>
</kw>
<kw name="Wait Until Page Contains Element" library="SeleniumLibrary">
<arg>xpath://input[@value="Log In"]</arg>
<doc>Waits until the element ``locator`` appears on the current page.</doc>
<status status="PASS" starttime="20220503 20:51:23.122" endtime="20220503 20:51:23.143"/>
</kw>
<status status="PASS" starttime="20220503 20:51:21.831" endtime="20220503 20:51:23.143"/>
</kw>
<kw name="Check basic unauthorized links" library="resources">
<kw name="Page Should Contain Link" library="SeleniumLibrary">
<arg>${LOGIN_LINK}</arg>
<doc>Verifies link identified by ``locator`` is found from current page.</doc>
<msg timestamp="20220503 20:51:23.163" level="INFO">Current page contains link '/login'.</msg>
<status status="PASS" starttime="20220503 20:51:23.144" endtime="20220503 20:51:23.163"/>
</kw>
<kw name="Page Should Contain Link" library="SeleniumLibrary">
<arg>${REGISTER_LINK}</arg>
<doc>Verifies link identified by ``locator`` is found from current page.</doc>
<msg timestamp="20220503 20:51:23.179" level="INFO">Current page contains link '/register'.</msg>
<status status="PASS" starttime="20220503 20:51:23.163" endtime="20220503 20:51:23.179"/>
</kw>
<kw name="Page Should Contain Link" library="SeleniumLibrary">
<arg>${HOME_LINK}</arg>
<doc>Verifies link identified by ``locator`` is found from current page.</doc>
<msg timestamp="20220503 20:51:23.197" level="INFO">Current page contains link '/'.</msg>
<status status="PASS" starttime="20220503 20:51:23.179" endtime="20220503 20:51:23.197"/>
</kw>
<status status="PASS" starttime="20220503 20:51:23.143" endtime="20220503 20:51:23.197"/>
</kw>
<kw name="Maximize Browser Window" library="SeleniumLibrary">
<doc>Maximizes current browser window.</doc>
<status status="PASS" starttime="20220503 20:51:23.197" endtime="20220503 20:51:23.330"/>
</kw>
<kw name="Input Text" library="SeleniumLibrary">
<arg>id:username</arg>
<arg>${RANDOM_USERNAME}</arg>
<doc>Types the given ``text`` into the text field identified by ``locator``.</doc>
<msg timestamp="20220503 20:51:23.330" level="INFO">Typing text ']ttttr[Lte' into text field 'id:username'.</msg>
<status status="PASS" starttime="20220503 20:51:23.330" endtime="20220503 20:51:23.454"/>
</kw>
<kw name="Input Password" library="SeleniumLibrary">
<arg>id:password</arg>
<arg>${RANDOM_PASSWORD}</arg>
<doc>Types the given password into the text field identified by ``locator``.</doc>
<msg timestamp="20220503 20:51:23.455" level="INFO">Typing password into text field 'id:password'.</msg>
<msg timestamp="20220503 20:51:23.505" level="INFO">Temporally setting log level to: NONE</msg>
<msg timestamp="20220503 20:51:23.564" level="INFO">Log level changed from NONE to INFO.</msg>
<status status="PASS" starttime="20220503 20:51:23.454" endtime="20220503 20:51:23.564"/>
</kw>
<kw name="Click Element" library="SeleniumLibrary">
<arg>xpath://input[@value="Log In"]</arg>
<doc>Click the element identified by ``locator``.</doc>
<msg timestamp="20220503 20:51:23.566" level="INFO">Clicking element 'xpath://input[@value="Log In"]'.</msg>
<status status="PASS" starttime="20220503 20:51:23.565" endtime="20220503 20:51:23.797"/>
</kw>
<kw name="Location Should Be" library="SeleniumLibrary">
<arg>${USER_URL}</arg>
<doc>Verifies that the current URL is exactly ``url``.</doc>
<msg timestamp="20220503 20:51:23.807" level="INFO">Current location is 'http://127.0.0.1:8080/user'.</msg>
<status status="PASS" starttime="20220503 20:51:23.797" endtime="20220503 20:51:23.807"/>
</kw>
<kw name="Check basic authorized links" library="resources">
<kw name="Page Should Contain Link" library="SeleniumLibrary">
<arg>${LOGOUT_LINK}</arg>
<doc>Verifies link identified by ``locator`` is found from current page.</doc>
<msg timestamp="20220503 20:51:23.835" level="INFO">Current page contains link '/logout'.</msg>
<status status="PASS" starttime="20220503 20:51:23.808" endtime="20220503 20:51:23.835"/>
</kw>
<kw name="Page Should Contain Link" library="SeleniumLibrary">
<arg>${HOME_LINK}</arg>
<doc>Verifies link identified by ``locator`` is found from current page.</doc>
<msg timestamp="20220503 20:51:23.853" level="INFO">Current page contains link '/'.</msg>
<status status="PASS" starttime="20220503 20:51:23.835" endtime="20220503 20:51:23.853"/>
</kw>
<status status="PASS" starttime="20220503 20:51:23.807" endtime="20220503 20:51:23.853"/>
</kw>
<kw name="Page Should Contain" library="SeleniumLibrary">
<arg>${RANDOM_USERNAME}</arg>
<doc>Verifies that current page contains ``text``.</doc>
<msg timestamp="20220503 20:51:23.877" level="INFO">Current page contains text ']ttttr[Lte'.</msg>
<status status="PASS" starttime="20220503 20:51:23.853" endtime="20220503 20:51:23.877"/>
</kw>
<kw name="Page Should Contain" library="SeleniumLibrary">
<arg>${RANDOM_FIRSTNAME}</arg>
<doc>Verifies that current page contains ``text``.</doc>
<msg timestamp="20220503 20:51:23.900" level="INFO">Current page contains text 'es]etLtttt'.</msg>
<status status="PASS" starttime="20220503 20:51:23.877" endtime="20220503 20:51:23.901"/>
</kw>
<kw name="Page Should Contain" library="SeleniumLibrary">
<arg>${RANDOM_LASTNAME}</arg>
<doc>Verifies that current page contains ``text``.</doc>
<msg timestamp="20220503 20:51:23.924" level="INFO">Current page contains text ']tsstettrs'.</msg>
<status status="PASS" starttime="20220503 20:51:23.901" endtime="20220503 20:51:23.924"/>
</kw>
<kw name="Page Should Contain" library="SeleniumLibrary">
<arg>${RANDOM_PHONE}</arg>
<doc>Verifies that current page contains ``text``.</doc>
<msg timestamp="20220503 20:51:23.947" level="INFO">Current page contains text 'eur[r[mb]['.</msg>
<status status="PASS" starttime="20220503 20:51:23.924" endtime="20220503 20:51:23.947"/>
</kw>
<kw name="Page Should Not Contain" library="SeleniumLibrary">
<arg>${RANDOM_PASSWORD}</arg>
<doc>Verifies the current page does not contain ``text``.</doc>
<msg timestamp="20220503 20:51:23.990" level="INFO">Current page does not contain text 'tre[ss]sL]'.</msg>
<status status="PASS" starttime="20220503 20:51:23.947" endtime="20220503 20:51:23.990"/>
</kw>
<kw name="Click Link" library="SeleniumLibrary">
<arg>${LOGOUT_LINK}</arg>
<doc>Clicks a link identified by ``locator``.</doc>
<msg timestamp="20220503 20:51:23.991" level="INFO">Clicking link '/logout'.</msg>
<status status="PASS" starttime="20220503 20:51:23.991" endtime="20220503 20:51:24.137"/>
</kw>
<kw name="Location Should Be" library="SeleniumLibrary">
<arg>${INDEX_URL}</arg>
<doc>Verifies that the current URL is exactly ``url``.</doc>
<msg timestamp="20220503 20:51:24.145" level="INFO">Current location is 'http://127.0.0.1:8080/'.</msg>
<status status="PASS" starttime="20220503 20:51:24.138" endtime="20220503 20:51:24.145"/>
</kw>
<kw name="Check basic unauthorized links" library="resources">
<kw name="Page Should Contain Link" library="SeleniumLibrary">
<arg>${LOGIN_LINK}</arg>
<doc>Verifies link identified by ``locator`` is found from current page.</doc>
<msg timestamp="20220503 20:51:24.160" level="INFO">Current page contains link '/login'.</msg>
<status status="PASS" starttime="20220503 20:51:24.146" endtime="20220503 20:51:24.160"/>
</kw>
<kw name="Page Should Contain Link" library="SeleniumLibrary">
<arg>${REGISTER_LINK}</arg>
<doc>Verifies link identified by ``locator`` is found from current page.</doc>
<msg timestamp="20220503 20:51:24.174" level="INFO">Current page contains link '/register'.</msg>
<status status="PASS" starttime="20220503 20:51:24.161" endtime="20220503 20:51:24.174"/>
</kw>
<kw name="Page Should Contain Link" library="SeleniumLibrary">
<arg>${HOME_LINK}</arg>
<doc>Verifies link identified by ``locator`` is found from current page.</doc>
<msg timestamp="20220503 20:51:24.189" level="INFO">Current page contains link '/'.</msg>
<status status="PASS" starttime="20220503 20:51:24.174" endtime="20220503 20:51:24.189"/>
</kw>
<status status="PASS" starttime="20220503 20:51:24.145" endtime="20220503 20:51:24.189"/>
</kw>
<kw name="Close Browser" library="SeleniumLibrary">
<doc>Closes the current browser.</doc>
<status status="PASS" starttime="20220503 20:51:24.190" endtime="20220503 20:51:26.320"/>
</kw>
<doc>Test of success of login into system by existing user with right usermane and password + check user info (taking user from previous test case)</doc>
<status status="PASS" starttime="20220503 20:51:21.829" endtime="20220503 20:51:26.320"/>
</test>
<test id="s1-t3" name="Check error with empty password registration" line="47">
<kw name="Open index page" library="resources">
<kw name="Open Browser" library="SeleniumLibrary">
<arg>${INDEX_URL}</arg>
<arg>${BROWSER}</arg>
<doc>Opens a new browser instance to the optional ``url``.</doc>
<msg timestamp="20220503 20:51:26.322" level="INFO">Opening browser 'chrome' to base url 'http://127.0.0.1:8080/'.</msg>
<status status="PASS" starttime="20220503 20:51:26.322" endtime="20220503 20:51:27.624"/>
</kw>
<kw name="Wait Until Page Contains" library="SeleniumLibrary">
<arg>index page</arg>
<doc>Waits until ``text`` appears on the current page.</doc>
<status status="PASS" starttime="20220503 20:51:27.624" endtime="20220503 20:51:27.644"/>
</kw>
<status status="PASS" starttime="20220503 20:51:26.322" endtime="20220503 20:51:27.644"/>
</kw>
<kw name="Maximize Browser Window" library="SeleniumLibrary">
<doc>Maximizes current browser window.</doc>
<status status="PASS" starttime="20220503 20:51:27.644" endtime="20220503 20:51:27.774"/>
</kw>
<kw name="Check basic unauthorized links" library="resources">
<kw name="Page Should Contain Link" library="SeleniumLibrary">
<arg>${LOGIN_LINK}</arg>
<doc>Verifies link identified by ``locator`` is found from current page.</doc>
<msg timestamp="20220503 20:51:27.795" level="INFO">Current page contains link '/login'.</msg>
<status status="PASS" starttime="20220503 20:51:27.775" endtime="20220503 20:51:27.795"/>
</kw>
<kw name="Page Should Contain Link" library="SeleniumLibrary">
<arg>${REGISTER_LINK}</arg>
<doc>Verifies link identified by ``locator`` is found from current page.</doc>
<msg timestamp="20220503 20:51:27.811" level="INFO">Current page contains link '/register'.</msg>
<status status="PASS" starttime="20220503 20:51:27.795" endtime="20220503 20:51:27.811"/>
</kw>
<kw name="Page Should Contain Link" library="SeleniumLibrary">
<arg>${HOME_LINK}</arg>
<doc>Verifies link identified by ``locator`` is found from current page.</doc>
<msg timestamp="20220503 20:51:27.830" level="INFO">Current page contains link '/'.</msg>
<status status="PASS" starttime="20220503 20:51:27.812" endtime="20220503 20:51:27.830"/>
</kw>
<status status="PASS" starttime="20220503 20:51:27.775" endtime="20220503 20:51:27.831"/>
</kw>
<kw name="Open register page by ui click" library="register_page_recources">
<kw name="Click Link" library="SeleniumLibrary">
<arg>${REGISTER_LINK}</arg>
<doc>Clicks a link identified by ``locator``.</doc>
<msg timestamp="20220503 20:51:27.831" level="INFO">Clicking link '/register'.</msg>
<status status="PASS" starttime="20220503 20:51:27.831" endtime="20220503 20:51:27.950"/>
</kw>
<kw name="Wait Until Page Contains Element" library="SeleniumLibrary">
<arg>${REGISTER_BUTTON}</arg>
<doc>Waits until the element ``locator`` appears on the current page.</doc>
<status status="PASS" starttime="20220503 20:51:27.950" endtime="20220503 20:51:27.966"/>
</kw>
<status status="PASS" starttime="20220503 20:51:27.831" endtime="20220503 20:51:27.966"/>
</kw>
<kw name="Check basic unauthorized links" library="resources">
<kw name="Page Should Contain Link" library="SeleniumLibrary">
<arg>${LOGIN_LINK}</arg>
<doc>Verifies link identified by ``locator`` is found from current page.</doc>
<msg timestamp="20220503 20:51:27.979" level="INFO">Current page contains link '/login'.</msg>
<status status="PASS" starttime="20220503 20:51:27.967" endtime="20220503 20:51:27.979"/>
</kw>
<kw name="Page Should Contain Link" library="SeleniumLibrary">
<arg>${REGISTER_LINK}</arg>
<doc>Verifies link identified by ``locator`` is found from current page.</doc>
<msg timestamp="20220503 20:51:27.993" level="INFO">Current page contains link '/register'.</msg>
<status status="PASS" starttime="20220503 20:51:27.979" endtime="20220503 20:51:27.994"/>
</kw>
<kw name="Page Should Contain Link" library="SeleniumLibrary">
<arg>${HOME_LINK}</arg>
<doc>Verifies link identified by ``locator`` is found from current page.</doc>
<msg timestamp="20220503 20:51:28.006" level="INFO">Current page contains link '/'.</msg>
<status status="PASS" starttime="20220503 20:51:27.994" endtime="20220503 20:51:28.006"/>
</kw>
<status status="PASS" starttime="20220503 20:51:27.966" endtime="20220503 20:51:28.006"/>
</kw>
<kw name="Create random user" library="register_page_recources">
<kw name="Generate Random String" library="String">
<var>${RANDOM_USERNAME}</var>
<arg>10</arg>
<arg>[Letters]</arg>
<doc>Generates a string with a desired ``length`` from the given ``chars``.</doc>
<msg timestamp="20220503 20:51:28.007" level="INFO">${RANDOM_USERNAME} = [stt[]t][L</msg>
<status status="PASS" starttime="20220503 20:51:28.006" endtime="20220503 20:51:28.007"/>
</kw>
<kw name="Generate Random String" library="String">
<var>${RANDOM_PASSWORD}</var>
<arg>10</arg>
<arg>[Letters]</arg>
<doc>Generates a string with a desired ``length`` from the given ``chars``.</doc>
<msg timestamp="20220503 20:51:28.007" level="INFO">${RANDOM_PASSWORD} = sste]Lrt[t</msg>
<status status="PASS" starttime="20220503 20:51:28.007" endtime="20220503 20:51:28.007"/>
</kw>
<kw name="Generate Random String" library="String">
<var>${RANDOM_FIRSTNAME}</var>
<arg>10</arg>
<arg>[Letters]</arg>
<doc>Generates a string with a desired ``length`` from the given ``chars``.</doc>
<msg timestamp="20220503 20:51:28.007" level="INFO">${RANDOM_FIRSTNAME} = rss[seeree</msg>
<status status="PASS" starttime="20220503 20:51:28.007" endtime="20220503 20:51:28.007"/>
</kw>
<kw name="Generate Random String" library="String">
<var>${RANDOM_LASTNAME}</var>
<arg>10</arg>
<arg>[Letters]</arg>
<doc>Generates a string with a desired ``length`` from the given ``chars``.</doc>
<msg timestamp="20220503 20:51:28.008" level="INFO">${RANDOM_LASTNAME} = [te]]tttse</msg>
<status status="PASS" starttime="20220503 20:51:28.008" endtime="20220503 20:51:28.008"/>
</kw>
<kw name="Generate Random String" library="String">
<var>${RANDOM_PHONE}</var>
<arg>10</arg>
<arg>[Numbers]</arg>
<doc>Generates a string with a desired ``length`` from the given ``chars``.</doc>
<msg timestamp="20220503 20:51:28.008" level="INFO">${RANDOM_PHONE} = e[[msr[rb[</msg>
<status status="PASS" starttime="20220503 20:51:28.008" endtime="20220503 20:51:28.008"/>
</kw>
<kw name="Set Suite Variable" library="BuiltIn">
<arg>${RANDOM_USERNAME}</arg>
<doc>Makes a variable available everywhere within the scope of the current suite.</doc>
<msg timestamp="20220503 20:51:28.009" level="INFO">${RANDOM_USERNAME} = [stt[]t][L</msg>
<status status="PASS" starttime="20220503 20:51:28.008" endtime="20220503 20:51:28.009"/>
</kw>
<kw name="Set Suite Variable" library="BuiltIn">
<arg>${RANDOM_PASSWORD}</arg>
<doc>Makes a variable available everywhere within the scope of the current suite.</doc>
<msg timestamp="20220503 20:51:28.009" level="INFO">${RANDOM_PASSWORD} = sste]Lrt[t</msg>
<status status="PASS" starttime="20220503 20:51:28.009" endtime="20220503 20:51:28.009"/>
</kw>
<kw name="Set Suite Variable" library="BuiltIn">
<arg>${RANDOM_FIRSTNAME}</arg>
<doc>Makes a variable available everywhere within the scope of the current suite.</doc>
<msg timestamp="20220503 20:51:28.009" level="INFO">${RANDOM_FIRSTNAME} = rss[seeree</msg>
<status status="PASS" starttime="20220503 20:51:28.009" endtime="20220503 20:51:28.009"/>
</kw>
<kw name="Set Suite Variable" library="BuiltIn">
<arg>${RANDOM_LASTNAME}</arg>
<doc>Makes a variable available everywhere within the scope of the current suite.</doc>
<msg timestamp="20220503 20:51:28.010" level="INFO">${RANDOM_LASTNAME} = [te]]tttse</msg>
<status status="PASS" starttime="20220503 20:51:28.010" endtime="20220503 20:51:28.010"/>
</kw>
<kw name="Set Suite Variable" library="BuiltIn">
<arg>${RANDOM_PHONE}</arg>
<doc>Makes a variable available everywhere within the scope of the current suite.</doc>
<msg timestamp="20220503 20:51:28.010" level="INFO">${RANDOM_PHONE} = e[[msr[rb[</msg>
<status status="PASS" starttime="20220503 20:51:28.010" endtime="20220503 20:51:28.010"/>
</kw>
<status status="PASS" starttime="20220503 20:51:28.006" endtime="20220503 20:51:28.010"/>
</kw>
<kw name="Write username" library="register_page_recources">
<arg>${RANDOM_USERNAME}</arg>
<kw name="Input Text" library="SeleniumLibrary">
<arg>${USERNAME_INPUT}</arg>
<arg>${username}</arg>
<doc>Types the given ``text`` into the text field identified by ``locator``.</doc>
<msg timestamp="20220503 20:51:28.012" level="INFO">Typing text '[stt[]t][L' into text field 'id:username'.</msg>
<status status="PASS" starttime="20220503 20:51:28.011" endtime="20220503 20:51:28.122"/>
</kw>
<status status="PASS" starttime="20220503 20:51:28.011" endtime="20220503 20:51:28.123"/>
</kw>
<kw name="Write password" library="register_page_recources">
<arg>${EMPTY}</arg>
<kw name="Input Password" library="SeleniumLibrary">
<arg>${PASSWORD_INPUT}</arg>
<arg>${password}</arg>
<doc>Types the given password into the text field identified by ``locator``.</doc>
<msg timestamp="20220503 20:51:28.124" level="INFO">Typing password into text field 'id:password'.</msg>
<msg timestamp="20220503 20:51:28.173" level="INFO">Temporally setting log level to: NONE</msg>
<msg timestamp="20220503 20:51:28.217" level="INFO">Log level changed from NONE to INFO.</msg>
<status status="PASS" starttime="20220503 20:51:28.124" endtime="20220503 20:51:28.217"/>
</kw>
<status status="PASS" starttime="20220503 20:51:28.123" endtime="20220503 20:51:28.217"/>
</kw>
<kw name="Write first name" library="register_page_recources">
<arg>${RANDOM_FIRSTNAME}</arg>
<kw name="Input Text" library="SeleniumLibrary">
<arg>${FIRSTNAME_INPUT}</arg>
<arg>${firstname}</arg>
<doc>Types the given ``text`` into the text field identified by ``locator``.</doc>
<msg timestamp="20220503 20:51:28.218" level="INFO">Typing text 'rss[seeree' into text field 'id:firstname'.</msg>
<status status="PASS" starttime="20220503 20:51:28.218" endtime="20220503 20:51:28.325"/>
</kw>
<status status="PASS" starttime="20220503 20:51:28.217" endtime="20220503 20:51:28.325"/>
</kw>
<kw name="Write last name" library="register_page_recources">
<arg>${RANDOM_LASTNAME}</arg>
<kw name="Input Text" library="SeleniumLibrary">
<arg>${LASTNAME_INPUT}</arg>
<arg>${lastname}</arg>
<doc>Types the given ``text`` into the text field identified by ``locator``.</doc>
<msg timestamp="20220503 20:51:28.326" level="INFO">Typing text '[te]]tttse' into text field 'id:lastname'.</msg>
<status status="PASS" starttime="20220503 20:51:28.326" endtime="20220503 20:51:28.452"/>
</kw>
<status status="PASS" starttime="20220503 20:51:28.325" endtime="20220503 20:51:28.452"/>
</kw>
<kw name="Write phone" library="register_page_recources">
<arg>${RANDOM_PHONE}</arg>
<kw name="Input Text" library="SeleniumLibrary">
<arg>${PHONE_INPUT}</arg>
<arg>${phone}</arg>
<doc>Types the given ``text`` into the text field identified by ``locator``.</doc>
<msg timestamp="20220503 20:51:28.455" level="INFO">Typing text 'e[[msr[rb[' into text field 'id:phone'.</msg>
<status status="PASS" starttime="20220503 20:51:28.454" endtime="20220503 20:51:28.616"/>
</kw>
<status status="PASS" starttime="20220503 20:51:28.453" endtime="20220503 20:51:28.616"/>
</kw>
<kw name="Click register button" library="register_page_recources">
<kw name="Click Button" library="SeleniumLibrary">
<arg>${REGISTER_BUTTON}</arg>
<doc>Clicks the button identified by ``locator``.</doc>
<msg timestamp="20220503 20:51:28.618" level="INFO">Clicking button 'xpath://input[@value='Register']'.</msg>
<status status="PASS" starttime="20220503 20:51:28.617" endtime="20220503 20:51:28.733"/>
</kw>
<status status="PASS" starttime="20220503 20:51:28.616" endtime="20220503 20:51:28.734"/>
</kw>
<kw name="Location Should Be" library="SeleniumLibrary">
<arg>${REGISTER_URL}</arg>
<doc>Verifies that the current URL is exactly ``url``.</doc>
<msg timestamp="20220503 20:51:28.743" level="INFO">Current location is 'http://127.0.0.1:8080/register'.</msg>
<status status="PASS" starttime="20220503 20:51:28.734" endtime="20220503 20:51:28.743"/>
</kw>
<kw name="Check basic unauthorized links" library="resources">
<kw name="Page Should Contain Link" library="SeleniumLibrary">
<arg>${LOGIN_LINK}</arg>
<doc>Verifies link identified by ``locator`` is found from current page.</doc>
<msg timestamp="20220503 20:51:28.763" level="INFO">Current page contains link '/login'.</msg>
<status status="PASS" starttime="20220503 20:51:28.744" endtime="20220503 20:51:28.763"/>
</kw>
<kw name="Page Should Contain Link" library="SeleniumLibrary">
<arg>${REGISTER_LINK}</arg>
<doc>Verifies link identified by ``locator`` is found from current page.</doc>
<msg timestamp="20220503 20:51:28.782" level="INFO">Current page contains link '/register'.</msg>
<status status="PASS" starttime="20220503 20:51:28.763" endtime="20220503 20:51:28.782"/>
</kw>
<kw name="Page Should Contain Link" library="SeleniumLibrary">
<arg>${HOME_LINK}</arg>
<doc>Verifies link identified by ``locator`` is found from current page.</doc>
<msg timestamp="20220503 20:51:28.800" level="INFO">Current page contains link '/'.</msg>
<status status="PASS" starttime="20220503 20:51:28.782" endtime="20220503 20:51:28.800"/>
</kw>
<status status="PASS" starttime="20220503 20:51:28.743" endtime="20220503 20:51:28.801"/>
</kw>
<kw name="Close Browser" library="SeleniumLibrary">
<doc>Closes the current browser.</doc>
<status status="PASS" starttime="20220503 20:51:28.801" endtime="20220503 20:51:30.929"/>
</kw>
<doc>Test of error when entering empty password on registration</doc>
<status status="PASS" starttime="20220503 20:51:26.321" endtime="20220503 20:51:30.929"/>
</test>
<test id="s1-t4" name="Check error with wrong password login" line="65">
<kw name="Open login page" library="resources">
<kw name="Open Browser" library="SeleniumLibrary">
<arg>${LOGIN_URL}</arg>
<arg>${BROWSER}</arg>
<doc>Opens a new browser instance to the optional ``url``.</doc>
<msg timestamp="20220503 20:51:30.933" level="INFO">Opening browser 'chrome' to base url 'http://127.0.0.1:8080/login'.</msg>
<status status="PASS" starttime="20220503 20:51:30.932" endtime="20220503 20:51:32.354"/>
</kw>
<kw name="Wait Until Page Contains Element" library="SeleniumLibrary">
<arg>xpath://input[@value="Log In"]</arg>
<doc>Waits until the element ``locator`` appears on the current page.</doc>
<status status="PASS" starttime="20220503 20:51:32.355" endtime="20220503 20:51:32.374"/>
</kw>
<status status="PASS" starttime="20220503 20:51:30.931" endtime="20220503 20:51:32.374"/>
</kw>
<kw name="Check basic unauthorized links" library="resources">
<kw name="Page Should Contain Link" library="SeleniumLibrary">
<arg>${LOGIN_LINK}</arg>
<doc>Verifies link identified by ``locator`` is found from current page.</doc>
<msg timestamp="20220503 20:51:32.394" level="INFO">Current page contains link '/login'.</msg>
<status status="PASS" starttime="20220503 20:51:32.375" endtime="20220503 20:51:32.394"/>
</kw>
<kw name="Page Should Contain Link" library="SeleniumLibrary">
<arg>${REGISTER_LINK}</arg>
<doc>Verifies link identified by ``locator`` is found from current page.</doc>
<msg timestamp="20220503 20:51:32.409" level="INFO">Current page contains link '/register'.</msg>
<status status="PASS" starttime="20220503 20:51:32.394" endtime="20220503 20:51:32.410"/>
</kw>
<kw name="Page Should Contain Link" library="SeleniumLibrary">
<arg>${HOME_LINK}</arg>
<doc>Verifies link identified by ``locator`` is found from current page.</doc>
<msg timestamp="20220503 20:51:32.428" level="INFO">Current page contains link '/'.</msg>
<status status="PASS" starttime="20220503 20:51:32.410" endtime="20220503 20:51:32.428"/>
</kw>
<status status="PASS" starttime="20220503 20:51:32.374" endtime="20220503 20:51:32.428"/>
</kw>
<kw name="Maximize Browser Window" library="SeleniumLibrary">
<doc>Maximizes current browser window.</doc>
<status status="PASS" starttime="20220503 20:51:32.429" endtime="20220503 20:51:32.551"/>
</kw>
<kw name="Input Text" library="SeleniumLibrary">
<arg>id:username</arg>
<arg>${RANDOM_USERNAME}</arg>
<doc>Types the given ``text`` into the text field identified by ``locator``.</doc>
<msg timestamp="20220503 20:51:32.551" level="INFO">Typing text '[stt[]t][L' into text field 'id:username'.</msg>
<status status="PASS" starttime="20220503 20:51:32.551" endtime="20220503 20:51:32.671"/>
</kw>
<kw name="Input Password" library="SeleniumLibrary">
<arg>id:password</arg>
<arg>sdg5dfg2f6g62ds32g62</arg>
<doc>Types the given password into the text field identified by ``locator``.</doc>
<msg timestamp="20220503 20:51:32.672" level="INFO">Typing password into text field 'id:password'.</msg>
<msg timestamp="20220503 20:51:32.723" level="INFO">Temporally setting log level to: NONE</msg>
<msg timestamp="20220503 20:51:32.790" level="INFO">Log level changed from NONE to INFO.</msg>
<status status="PASS" starttime="20220503 20:51:32.672" endtime="20220503 20:51:32.790"/>
</kw>
<kw name="Click Element" library="SeleniumLibrary">
<arg>xpath://input[@value="Log In"]</arg>
<doc>Click the element identified by ``locator``.</doc>
<msg timestamp="20220503 20:51:32.791" level="INFO">Clicking element 'xpath://input[@value="Log In"]'.</msg>
<status status="PASS" starttime="20220503 20:51:32.791" endtime="20220503 20:51:32.908"/>
</kw>
<kw name="Page Should Contain" library="SeleniumLibrary">
<arg>Login Failure</arg>
<doc>Verifies that current page contains ``text``.</doc>
<msg timestamp="20220503 20:51:32.932" level="INFO">Current page contains text 'Login Failure'.</msg>
<status status="PASS" starttime="20220503 20:51:32.908" endtime="20220503 20:51:32.932"/>
</kw>
<kw name="Location Should Be" library="SeleniumLibrary">
<arg>${ERROR_URL}</arg>
<doc>Verifies that the current URL is exactly ``url``.</doc>
<msg timestamp="20220503 20:51:32.939" level="INFO">Current location is 'http://127.0.0.1:8080/error'.</msg>
<status status="PASS" starttime="20220503 20:51:32.932" endtime="20220503 20:51:32.939"/>
</kw>
<kw name="Check basic unauthorized links" library="resources">
<kw name="Page Should Contain Link" library="SeleniumLibrary">
<arg>${LOGIN_LINK}</arg>
<doc>Verifies link identified by ``locator`` is found from current page.</doc>
<msg timestamp="20220503 20:51:32.955" level="INFO">Current page contains link '/login'.</msg>
<status status="PASS" starttime="20220503 20:51:32.940" endtime="20220503 20:51:32.955"/>
</kw>
<kw name="Page Should Contain Link" library="SeleniumLibrary">
<arg>${REGISTER_LINK}</arg>
<doc>Verifies link identified by ``locator`` is found from current page.</doc>
<msg timestamp="20220503 20:51:32.970" level="INFO">Current page contains link '/register'.</msg>
<status status="PASS" starttime="20220503 20:51:32.955" endtime="20220503 20:51:32.970"/>
</kw>
<kw name="Page Should Contain Link" library="SeleniumLibrary">
<arg>${HOME_LINK}</arg>
<doc>Verifies link identified by ``locator`` is found from current page.</doc>
<msg timestamp="20220503 20:51:32.984" level="INFO">Current page contains link '/'.</msg>
<status status="PASS" starttime="20220503 20:51:32.971" endtime="20220503 20:51:32.985"/>
</kw>
<status status="PASS" starttime="20220503 20:51:32.939" endtime="20220503 20:51:32.985"/>
</kw>
<kw name="Close Browser" library="SeleniumLibrary">
<doc>Closes the current browser.</doc>
<status status="PASS" starttime="20220503 20:51:32.985" endtime="20220503 20:51:35.123"/>
</kw>
<doc>Test of error when entering wrong password on login page</doc>
<status status="PASS" starttime="20220503 20:51:30.930" endtime="20220503 20:51:35.124"/>
</test>
<kw name="Close All Browsers" library="SeleniumLibrary" type="TEARDOWN">
<doc>Closes all open browsers and resets the browser cache.</doc>
<status status="PASS" starttime="20220503 20:51:35.125" endtime="20220503 20:51:35.125"/>
</kw>
<status status="PASS" starttime="20220503 20:51:16.817" endtime="20220503 20:51:35.126"/>
</suite>
<statistics>
<total>
<stat pass="4" fail="0" skip="0">All Tests</stat>
</total>
<tag>
</tag>
<suite>
<stat pass="4" fail="0" skip="0" id="s1" name="Ui Tests">Ui Tests</stat>
</suite>
</statistics>
<errors>
</errors>
</robot>
